{"level":"info","message":"This app is started at port 3000"}
{"level":"info","message":"This app is started at port 3000"}
{"level":"info","message":"This app is started at port 3000"}
{"level":"info","message":"This app is started at port 3000"}
{"level":"info","message":"This app is started at port 3000"}
{"level":"info","message":"This app is started at port 3000"}
{"level":"info","message":"This app is started at port 3000"}
{"level":"info","message":"This app is started at port 3000"}
{"level":"info","message":"This app is started at port 3000"}
{"level":"info","message":"This app is started at port 3000"}
{"level":"info","message":"This app is started at port 3000"}
{"level":"info","message":"This app is started at port 3000"}
{"level":"error"}
{"level":"error"}
{"level":"info","message":"This app is started at port 3000"}
{"level":"error","message":"Error: error: column \"undefined\" does not exist"}
{"level":"info","message":"This app is started at port 3000"}
{"level":"info","message":"This app is started at port 3000"}
{"level":"info","message":"This app is started at port 3000"}
{"level":"info","message":"This app is started at port 3000"}
{"level":"info","message":"This app is started at port 3000"}
{"level":"info","message":"This app is started at port 3000"}
{"level":"info","message":"This app is started at port 3000"}
{"level":"info","message":"This app is started at port 3000"}
{"level":"info","message":"This app is started at port 3000"}
{"level":"error","message":"Error: [object Object]"}
{"level":"info","message":"This app is started at port 3000"}
{"level":"info","message":"This app is started at port 3000"}
{"level":"info","message":"This app is started at port 3000"}
{"level":"info","message":"This app is started at port 3000"}
{"level":"info","message":"This app is started at port 3000"}
{"level":"info","message":"This app is started at port 3000"}
{"level":"info","message":"This app is started at port 3000"}
{"level":"info","message":"This app is started at port 3000"}
{"level":"info","message":"This app is started at port 3000"}
{"level":"info","message":"This app is started at port 3000"}
{"level":"info","message":"This app is started at port 3000"}
{"level":"info","message":"This app is started at port 3000"}
{"level":"info","message":"This app is started at port 3000"}
{"level":"info","message":"This app is started at port 3000"}
{"level":"info","message":"This app is started at port 3000"}
{"level":"info","message":"This app is started at port 3000"}
{"level":"info","message":"This app is started at port 3000"}
{"level":"info","message":"This app is started at port 3000"}
{"level":"info","message":"This app is started at port 3000"}
{"level":"info","message":"This app is started at port 3000"}
{"level":"info","message":"This app is started at port 3000"}
{"level":"info","message":"This app is started at port 3000"}
{"level":"info","message":"This app is started at port 3000"}
{"level":"info","message":"This app is started at port 3000"}
{"level":"info","message":"This app is started at port 3000"}
{"level":"info","message":"This app is started at port 3000"}
{"level":"info","message":"This app is started at port 3000"}
{"level":"info","message":"This app is started at port 3000"}
{"level":"info","message":"This app is started at port 3000"}
{"level":"info","message":"This app is started at port 3000"}
{"level":"info","message":"This app is started at port 3000"}
{"level":"info","message":"This app is started at port 3000"}
{"level":"info","message":"This app is started at port 3000"}
{"level":"info","message":"This app is started at port 3000"}
{"level":"info","message":"This app is started at port 3000"}
{"level":"info","message":"This app is started at port 3000"}
{"level":"info","message":"This app is started at port 3000"}
{"level":"info","message":"This app is started at port 3000"}
{"level":"info","message":"This app is started at port 3000"}
{"level":"info","message":"This app is started at port 3000"}
{"level":"info","message":"This app is started at port 3000"}
{"level":"info","message":"This app is started at port 3000"}
{"level":"info","message":"This app is started at port 3000"}
{"level":"info","message":"This app is started at port 3000"}
{"level":"info","message":"This app is started at port 3000"}
{"level":"info","message":"This app is started at port 3000"}
{"level":"info","message":"This app is started at port 3000"}
{"level":"info","message":"This app is started at port 3000"}
{"level":"info","message":"This app is started at port 3000"}
{"level":"info","message":"This app is started at port 3000"}
{"level":"info","message":"This app is started at port 3000"}
{"level":"info","message":"This app is started at port 3000"}
{"level":"error","message":"Cannot read properties of undefined (reading 'rows') Cannot read properties of undefined (reading 'rows')","stack":"TypeError: Cannot read properties of undefined (reading 'rows')\n    at Query.callback (C:\\Users\\A.R\\Desktop\\Exercise 2\\src\\controller\\controller.js:25:19)\n    at Query.handleError (C:\\Users\\A.R\\Desktop\\Exercise 2\\node_modules\\pg\\lib\\query.js:128:19)\n    at Client._handleErrorMessage (C:\\Users\\A.R\\Desktop\\Exercise 2\\node_modules\\pg\\lib\\client.js:335:17)\n    at Connection.emit (node:events:520:28)\n    at C:\\Users\\A.R\\Desktop\\Exercise 2\\node_modules\\pg\\lib\\connection.js:114:12\n    at Parser.parse (C:\\Users\\A.R\\Desktop\\Exercise 2\\node_modules\\pg-protocol\\dist\\parser.js:40:17)\n    at Socket.<anonymous> (C:\\Users\\A.R\\Desktop\\Exercise 2\\node_modules\\pg-protocol\\dist\\index.js:11:42)\n    at Socket.emit (node:events:520:28)\n    at addChunk (node:internal/streams/readable:315:12)\n    at readableAddChunk (node:internal/streams/readable:289:9)"}
{"level":"info","message":"This app is started at port 3000"}
{"level":"info","message":"This app is started at port 3000"}
{"level":"error","message":"Cannot read properties of undefined (reading 'rows') Cannot read properties of undefined (reading 'rows')","stack":"TypeError: Cannot read properties of undefined (reading 'rows')\n    at Query.callback (C:\\Users\\A.R\\Desktop\\Exercise 2\\src\\controller\\controller.js:25:19)\n    at Query.handleError (C:\\Users\\A.R\\Desktop\\Exercise 2\\node_modules\\pg\\lib\\query.js:128:19)\n    at Client._handleErrorMessage (C:\\Users\\A.R\\Desktop\\Exercise 2\\node_modules\\pg\\lib\\client.js:335:17)\n    at Connection.emit (node:events:520:28)\n    at C:\\Users\\A.R\\Desktop\\Exercise 2\\node_modules\\pg\\lib\\connection.js:114:12\n    at Parser.parse (C:\\Users\\A.R\\Desktop\\Exercise 2\\node_modules\\pg-protocol\\dist\\parser.js:40:17)\n    at Socket.<anonymous> (C:\\Users\\A.R\\Desktop\\Exercise 2\\node_modules\\pg-protocol\\dist\\index.js:11:42)\n    at Socket.emit (node:events:520:28)\n    at addChunk (node:internal/streams/readable:315:12)\n    at readableAddChunk (node:internal/streams/readable:289:9)"}
{"level":"info","message":"This app is started at port 3000"}
{"level":"error","message":"Cannot read properties of undefined (reading 'rows') Cannot read properties of undefined (reading 'rows')","stack":"TypeError: Cannot read properties of undefined (reading 'rows')\n    at Query.callback (C:\\Users\\A.R\\Desktop\\Exercise 2\\src\\controller\\controller.js:25:19)\n    at Query.handleError (C:\\Users\\A.R\\Desktop\\Exercise 2\\node_modules\\pg\\lib\\query.js:128:19)\n    at Client._handleErrorMessage (C:\\Users\\A.R\\Desktop\\Exercise 2\\node_modules\\pg\\lib\\client.js:335:17)\n    at Connection.emit (node:events:520:28)\n    at C:\\Users\\A.R\\Desktop\\Exercise 2\\node_modules\\pg\\lib\\connection.js:114:12\n    at Parser.parse (C:\\Users\\A.R\\Desktop\\Exercise 2\\node_modules\\pg-protocol\\dist\\parser.js:40:17)\n    at Socket.<anonymous> (C:\\Users\\A.R\\Desktop\\Exercise 2\\node_modules\\pg-protocol\\dist\\index.js:11:42)\n    at Socket.emit (node:events:520:28)\n    at addChunk (node:internal/streams/readable:315:12)\n    at readableAddChunk (node:internal/streams/readable:289:9)"}
{"level":"info","message":"This app is started at port 3000"}
{"level":"error","message":"Cannot read properties of undefined (reading 'rows') Cannot read properties of undefined (reading 'rows')","stack":"TypeError: Cannot read properties of undefined (reading 'rows')\n    at Query.callback (C:\\Users\\A.R\\Desktop\\Exercise 2\\src\\controller\\controller.js:25:19)\n    at Query.handleError (C:\\Users\\A.R\\Desktop\\Exercise 2\\node_modules\\pg\\lib\\query.js:128:19)\n    at Client._handleErrorMessage (C:\\Users\\A.R\\Desktop\\Exercise 2\\node_modules\\pg\\lib\\client.js:335:17)\n    at Connection.emit (node:events:520:28)\n    at C:\\Users\\A.R\\Desktop\\Exercise 2\\node_modules\\pg\\lib\\connection.js:114:12\n    at Parser.parse (C:\\Users\\A.R\\Desktop\\Exercise 2\\node_modules\\pg-protocol\\dist\\parser.js:40:17)\n    at Socket.<anonymous> (C:\\Users\\A.R\\Desktop\\Exercise 2\\node_modules\\pg-protocol\\dist\\index.js:11:42)\n    at Socket.emit (node:events:520:28)\n    at addChunk (node:internal/streams/readable:315:12)\n    at readableAddChunk (node:internal/streams/readable:289:9)"}
{"level":"info","message":"This app is started at port 3000"}
{"level":"error","message":"Cannot read properties of undefined (reading 'rows') Cannot read properties of undefined (reading 'rows')","stack":"TypeError: Cannot read properties of undefined (reading 'rows')\n    at Query.callback (C:\\Users\\A.R\\Desktop\\Exercise 2\\src\\controller\\controller.js:25:19)\n    at Query.handleError (C:\\Users\\A.R\\Desktop\\Exercise 2\\node_modules\\pg\\lib\\query.js:128:19)\n    at Client._handleErrorMessage (C:\\Users\\A.R\\Desktop\\Exercise 2\\node_modules\\pg\\lib\\client.js:335:17)\n    at Connection.emit (node:events:520:28)\n    at C:\\Users\\A.R\\Desktop\\Exercise 2\\node_modules\\pg\\lib\\connection.js:114:12\n    at Parser.parse (C:\\Users\\A.R\\Desktop\\Exercise 2\\node_modules\\pg-protocol\\dist\\parser.js:40:17)\n    at Socket.<anonymous> (C:\\Users\\A.R\\Desktop\\Exercise 2\\node_modules\\pg-protocol\\dist\\index.js:11:42)\n    at Socket.emit (node:events:520:28)\n    at addChunk (node:internal/streams/readable:315:12)\n    at readableAddChunk (node:internal/streams/readable:289:9)"}
{"level":"info","message":"This app is started at port 3000"}
{"level":"info","message":"This app is started at port 3000"}
{"level":"error","message":"Cannot read properties of undefined (reading 'rows') Cannot read properties of undefined (reading 'rows')","stack":"TypeError: Cannot read properties of undefined (reading 'rows')\n    at Query.callback (C:\\Users\\A.R\\Desktop\\Exercise 2\\src\\controller\\controller.js:26:19)\n    at Query.handleError (C:\\Users\\A.R\\Desktop\\Exercise 2\\node_modules\\pg\\lib\\query.js:128:19)\n    at Client._handleErrorMessage (C:\\Users\\A.R\\Desktop\\Exercise 2\\node_modules\\pg\\lib\\client.js:335:17)\n    at Connection.emit (node:events:520:28)\n    at C:\\Users\\A.R\\Desktop\\Exercise 2\\node_modules\\pg\\lib\\connection.js:114:12\n    at Parser.parse (C:\\Users\\A.R\\Desktop\\Exercise 2\\node_modules\\pg-protocol\\dist\\parser.js:40:17)\n    at Socket.<anonymous> (C:\\Users\\A.R\\Desktop\\Exercise 2\\node_modules\\pg-protocol\\dist\\index.js:11:42)\n    at Socket.emit (node:events:520:28)\n    at addChunk (node:internal/streams/readable:315:12)\n    at readableAddChunk (node:internal/streams/readable:289:9)"}
{"level":"info","message":"This app is started at port 3000"}
{"level":"error","message":"Cannot read properties of undefined (reading 'rows') Cannot read properties of undefined (reading 'rows')","stack":"TypeError: Cannot read properties of undefined (reading 'rows')\n    at Query.callback (C:\\Users\\A.R\\Desktop\\Exercise 2\\src\\controller\\controller.js:26:19)\n    at Query.handleError (C:\\Users\\A.R\\Desktop\\Exercise 2\\node_modules\\pg\\lib\\query.js:128:19)\n    at Client._handleErrorMessage (C:\\Users\\A.R\\Desktop\\Exercise 2\\node_modules\\pg\\lib\\client.js:335:17)\n    at Connection.emit (node:events:520:28)\n    at C:\\Users\\A.R\\Desktop\\Exercise 2\\node_modules\\pg\\lib\\connection.js:114:12\n    at Parser.parse (C:\\Users\\A.R\\Desktop\\Exercise 2\\node_modules\\pg-protocol\\dist\\parser.js:40:17)\n    at Socket.<anonymous> (C:\\Users\\A.R\\Desktop\\Exercise 2\\node_modules\\pg-protocol\\dist\\index.js:11:42)\n    at Socket.emit (node:events:520:28)\n    at addChunk (node:internal/streams/readable:315:12)\n    at readableAddChunk (node:internal/streams/readable:289:9)"}
{"level":"info","message":"This app is started at port 3000"}
{"level":"error","message":"Cannot read properties of undefined (reading 'rows') Cannot read properties of undefined (reading 'rows')","stack":"TypeError: Cannot read properties of undefined (reading 'rows')\n    at Query.callback (C:\\Users\\A.R\\Desktop\\Exercise 2\\src\\controller\\controller.js:26:19)\n    at Query.handleError (C:\\Users\\A.R\\Desktop\\Exercise 2\\node_modules\\pg\\lib\\query.js:128:19)\n    at Client._handleErrorMessage (C:\\Users\\A.R\\Desktop\\Exercise 2\\node_modules\\pg\\lib\\client.js:335:17)\n    at Connection.emit (node:events:520:28)\n    at C:\\Users\\A.R\\Desktop\\Exercise 2\\node_modules\\pg\\lib\\connection.js:114:12\n    at Parser.parse (C:\\Users\\A.R\\Desktop\\Exercise 2\\node_modules\\pg-protocol\\dist\\parser.js:40:17)\n    at Socket.<anonymous> (C:\\Users\\A.R\\Desktop\\Exercise 2\\node_modules\\pg-protocol\\dist\\index.js:11:42)\n    at Socket.emit (node:events:520:28)\n    at addChunk (node:internal/streams/readable:315:12)\n    at readableAddChunk (node:internal/streams/readable:289:9)"}
{"level":"info","message":"This app is started at port 3000"}
{"level":"error","message":"Cannot read properties of undefined (reading 'rows') Cannot read properties of undefined (reading 'rows')","stack":"TypeError: Cannot read properties of undefined (reading 'rows')\n    at Query.callback (C:\\Users\\A.R\\Desktop\\Exercise 2\\src\\controller\\controller.js:26:19)\n    at Query.handleError (C:\\Users\\A.R\\Desktop\\Exercise 2\\node_modules\\pg\\lib\\query.js:128:19)\n    at Client._handleErrorMessage (C:\\Users\\A.R\\Desktop\\Exercise 2\\node_modules\\pg\\lib\\client.js:335:17)\n    at Connection.emit (node:events:520:28)\n    at C:\\Users\\A.R\\Desktop\\Exercise 2\\node_modules\\pg\\lib\\connection.js:114:12\n    at Parser.parse (C:\\Users\\A.R\\Desktop\\Exercise 2\\node_modules\\pg-protocol\\dist\\parser.js:40:17)\n    at Socket.<anonymous> (C:\\Users\\A.R\\Desktop\\Exercise 2\\node_modules\\pg-protocol\\dist\\index.js:11:42)\n    at Socket.emit (node:events:520:28)\n    at addChunk (node:internal/streams/readable:315:12)\n    at readableAddChunk (node:internal/streams/readable:289:9)"}
{"level":"info","message":"This app is started at port 3000"}
{"level":"error","message":"Cannot read properties of undefined (reading 'rows') Cannot read properties of undefined (reading 'rows')","stack":"TypeError: Cannot read properties of undefined (reading 'rows')\n    at Query.callback (C:\\Users\\A.R\\Desktop\\Exercise 2\\src\\controller\\controller.js:29:32)\n    at Query.handleError (C:\\Users\\A.R\\Desktop\\Exercise 2\\node_modules\\pg\\lib\\query.js:128:19)\n    at Client._handleErrorMessage (C:\\Users\\A.R\\Desktop\\Exercise 2\\node_modules\\pg\\lib\\client.js:335:17)\n    at Connection.emit (node:events:520:28)\n    at C:\\Users\\A.R\\Desktop\\Exercise 2\\node_modules\\pg\\lib\\connection.js:114:12\n    at Parser.parse (C:\\Users\\A.R\\Desktop\\Exercise 2\\node_modules\\pg-protocol\\dist\\parser.js:40:17)\n    at Socket.<anonymous> (C:\\Users\\A.R\\Desktop\\Exercise 2\\node_modules\\pg-protocol\\dist\\index.js:11:42)\n    at Socket.emit (node:events:520:28)\n    at addChunk (node:internal/streams/readable:315:12)\n    at readableAddChunk (node:internal/streams/readable:289:9)"}
{"level":"info","message":"This app is started at port 3000"}
{"level":"info","message":"This app is started at port 3000"}
{"level":"info","message":"This app is started at port 3000"}
{"level":"info","message":"This app is started at port 3000"}
{"level":"info","message":"This app is started at port 3000"}
{"level":"info","message":"This app is started at port 3000"}
{"level":"info","message":"This app is started at port 3000"}
{"level":"info","message":"This app is started at port 3000"}
{"level":"info","message":"This app is started at port 3000"}
{"level":"info","message":"This app is started at port 3000"}
{"level":"info","message":"This app is started at port 3000"}
{"level":"info","message":"This app is started at port 3000"}
{"level":"info","message":"This app is started at port 3000"}
{"level":"info","message":"This app is started at port 3000"}
{"level":"info","message":"This app is started at port 3000"}
{"level":"info","message":"This app is started at port 3000"}
{"level":"info","message":"This app is started at port 3000"}
{"level":"info","message":"This app is started at port 3000"}
{"code":"ERR_HTTP_HEADERS_SENT","level":"error","message":"Cannot set headers after they are sent to the client Cannot set headers after they are sent to the client","stack":"Error [ERR_HTTP_HEADERS_SENT]: Cannot set headers after they are sent to the client\n    at new NodeError (node:internal/errors:371:5)\n    at ServerResponse.setHeader (node:_http_outgoing:576:11)\n    at ServerResponse.header (C:\\Users\\A.R\\Desktop\\Exercise 2\\node_modules\\express\\lib\\response.js:794:10)\n    at ServerResponse.send (C:\\Users\\A.R\\Desktop\\Exercise 2\\node_modules\\express\\lib\\response.js:174:12)\n    at ServerResponse.json (C:\\Users\\A.R\\Desktop\\Exercise 2\\node_modules\\express\\lib\\response.js:278:15)\n    at ServerResponse.send (C:\\Users\\A.R\\Desktop\\Exercise 2\\node_modules\\express\\lib\\response.js:162:21)\n    at Query.callback (C:\\Users\\A.R\\Desktop\\Exercise 2\\src\\controller\\controller.js:30:21)\n    at Query.handleReadyForQuery (C:\\Users\\A.R\\Desktop\\Exercise 2\\node_modules\\pg\\lib\\query.js:138:12)\n    at Client._handleReadyForQuery (C:\\Users\\A.R\\Desktop\\Exercise 2\\node_modules\\pg\\lib\\client.js:290:19)\n    at Connection.emit (node:events:520:28)"}
{"level":"info","message":"This app is started at port 3000"}
{"level":"info","message":"This app is started at port 3000"}
{"level":"info","message":"This app is started at port 3000"}
{"level":"info","message":"This app is started at port 3000"}
{"code":"ERR_HTTP_HEADERS_SENT","level":"error","message":"Cannot set headers after they are sent to the client Cannot set headers after they are sent to the client","stack":"Error [ERR_HTTP_HEADERS_SENT]: Cannot set headers after they are sent to the client\n    at new NodeError (node:internal/errors:371:5)\n    at ServerResponse.setHeader (node:_http_outgoing:576:11)\n    at ServerResponse.header (C:\\Users\\A.R\\Desktop\\Exercise 2\\node_modules\\express\\lib\\response.js:794:10)\n    at ServerResponse.send (C:\\Users\\A.R\\Desktop\\Exercise 2\\node_modules\\express\\lib\\response.js:174:12)\n    at Query.callback (C:\\Users\\A.R\\Desktop\\Exercise 2\\src\\controller\\controller.js:43:17)\n    at Query.handleError (C:\\Users\\A.R\\Desktop\\Exercise 2\\node_modules\\pg\\lib\\query.js:128:19)\n    at Client._handleErrorMessage (C:\\Users\\A.R\\Desktop\\Exercise 2\\node_modules\\pg\\lib\\client.js:335:17)\n    at Connection.emit (node:events:520:28)\n    at C:\\Users\\A.R\\Desktop\\Exercise 2\\node_modules\\pg\\lib\\connection.js:114:12\n    at Parser.parse (C:\\Users\\A.R\\Desktop\\Exercise 2\\node_modules\\pg-protocol\\dist\\parser.js:40:17)"}
{"level":"info","message":"This app is started at port 3000"}
{"code":"ERR_HTTP_HEADERS_SENT","level":"error","message":"Cannot set headers after they are sent to the client Cannot set headers after they are sent to the client","stack":"Error [ERR_HTTP_HEADERS_SENT]: Cannot set headers after they are sent to the client\n    at new NodeError (node:internal/errors:371:5)\n    at ServerResponse.setHeader (node:_http_outgoing:576:11)\n    at ServerResponse.header (C:\\Users\\A.R\\Desktop\\Exercise 2\\node_modules\\express\\lib\\response.js:794:10)\n    at ServerResponse.send (C:\\Users\\A.R\\Desktop\\Exercise 2\\node_modules\\express\\lib\\response.js:174:12)\n    at Query.callback (C:\\Users\\A.R\\Desktop\\Exercise 2\\src\\controller\\controller.js:43:17)\n    at Query.handleError (C:\\Users\\A.R\\Desktop\\Exercise 2\\node_modules\\pg\\lib\\query.js:128:19)\n    at Client._handleErrorMessage (C:\\Users\\A.R\\Desktop\\Exercise 2\\node_modules\\pg\\lib\\client.js:335:17)\n    at Connection.emit (node:events:520:28)\n    at C:\\Users\\A.R\\Desktop\\Exercise 2\\node_modules\\pg\\lib\\connection.js:114:12\n    at Parser.parse (C:\\Users\\A.R\\Desktop\\Exercise 2\\node_modules\\pg-protocol\\dist\\parser.js:40:17)"}
{"level":"info","message":"This app is started at port 3000"}
{"code":"ERR_HTTP_HEADERS_SENT","level":"error","message":"Cannot set headers after they are sent to the client Cannot set headers after they are sent to the client","stack":"Error [ERR_HTTP_HEADERS_SENT]: Cannot set headers after they are sent to the client\n    at new NodeError (node:internal/errors:371:5)\n    at ServerResponse.setHeader (node:_http_outgoing:576:11)\n    at ServerResponse.header (C:\\Users\\A.R\\Desktop\\Exercise 2\\node_modules\\express\\lib\\response.js:794:10)\n    at ServerResponse.send (C:\\Users\\A.R\\Desktop\\Exercise 2\\node_modules\\express\\lib\\response.js:174:12)\n    at Query.callback (C:\\Users\\A.R\\Desktop\\Exercise 2\\src\\controller\\controller.js:43:17)\n    at Query.handleError (C:\\Users\\A.R\\Desktop\\Exercise 2\\node_modules\\pg\\lib\\query.js:128:19)\n    at Client._handleErrorMessage (C:\\Users\\A.R\\Desktop\\Exercise 2\\node_modules\\pg\\lib\\client.js:335:17)\n    at Connection.emit (node:events:520:28)\n    at C:\\Users\\A.R\\Desktop\\Exercise 2\\node_modules\\pg\\lib\\connection.js:114:12\n    at Parser.parse (C:\\Users\\A.R\\Desktop\\Exercise 2\\node_modules\\pg-protocol\\dist\\parser.js:40:17)"}
{"level":"info","message":"This app is started at port 3000"}
{"code":"ERR_HTTP_HEADERS_SENT","level":"error","message":"Cannot set headers after they are sent to the client Cannot set headers after they are sent to the client","stack":"Error [ERR_HTTP_HEADERS_SENT]: Cannot set headers after they are sent to the client\n    at new NodeError (node:internal/errors:371:5)\n    at ServerResponse.setHeader (node:_http_outgoing:576:11)\n    at ServerResponse.header (C:\\Users\\A.R\\Desktop\\Exercise 2\\node_modules\\express\\lib\\response.js:794:10)\n    at ServerResponse.send (C:\\Users\\A.R\\Desktop\\Exercise 2\\node_modules\\express\\lib\\response.js:174:12)\n    at Query.callback (C:\\Users\\A.R\\Desktop\\Exercise 2\\src\\controller\\controller.js:43:17)\n    at Query.handleError (C:\\Users\\A.R\\Desktop\\Exercise 2\\node_modules\\pg\\lib\\query.js:128:19)\n    at Client._handleErrorMessage (C:\\Users\\A.R\\Desktop\\Exercise 2\\node_modules\\pg\\lib\\client.js:335:17)\n    at Connection.emit (node:events:520:28)\n    at C:\\Users\\A.R\\Desktop\\Exercise 2\\node_modules\\pg\\lib\\connection.js:114:12\n    at Parser.parse (C:\\Users\\A.R\\Desktop\\Exercise 2\\node_modules\\pg-protocol\\dist\\parser.js:40:17)"}
{"level":"info","message":"This app is started at port 3000"}
{"code":"ERR_HTTP_HEADERS_SENT","level":"error","message":"Cannot set headers after they are sent to the client Cannot set headers after they are sent to the client","stack":"Error [ERR_HTTP_HEADERS_SENT]: Cannot set headers after they are sent to the client\n    at new NodeError (node:internal/errors:371:5)\n    at ServerResponse.setHeader (node:_http_outgoing:576:11)\n    at ServerResponse.header (C:\\Users\\A.R\\Desktop\\Exercise 2\\node_modules\\express\\lib\\response.js:794:10)\n    at ServerResponse.send (C:\\Users\\A.R\\Desktop\\Exercise 2\\node_modules\\express\\lib\\response.js:174:12)\n    at Query.callback (C:\\Users\\A.R\\Desktop\\Exercise 2\\src\\controller\\controller.js:43:17)\n    at Query.handleError (C:\\Users\\A.R\\Desktop\\Exercise 2\\node_modules\\pg\\lib\\query.js:128:19)\n    at Client._handleErrorMessage (C:\\Users\\A.R\\Desktop\\Exercise 2\\node_modules\\pg\\lib\\client.js:335:17)\n    at Connection.emit (node:events:520:28)\n    at C:\\Users\\A.R\\Desktop\\Exercise 2\\node_modules\\pg\\lib\\connection.js:114:12\n    at Parser.parse (C:\\Users\\A.R\\Desktop\\Exercise 2\\node_modules\\pg-protocol\\dist\\parser.js:40:17)"}
{"level":"info","message":"This app is started at port 3000"}
{"level":"info","message":"This app is started at port 3000"}
{"level":"info","message":"This app is started at port 3000"}
{"level":"info","message":"This app is started at port 3000"}
